<?xml version="1.0" encoding="UTF-8"?>
<!-- Generated by org.testng.reporters.JUnitXMLReporter -->
<testsuite hostname="DESKTOP-662NI4B" ignored="0" name="Test" tests="3" failures="3" timestamp="12 May 2023 15:14:26 GMT" time="5.915" errors="0">
  <testcase name="facebooklogin" time="2.598" classname="org.one.DataproviderOne">
    <failure type="org.openqa.selenium.SessionNotCreatedException" message="session not created: This version of ChromeDriver only supports Chrome version 111
Current browser version is 113.0.5672.93 with binary path C:\Program Files\Google\Chrome\Application\chrome.exe
Build info: version: &amp;apos;3.141.59&amp;apos;, revision: &amp;apos;e82be7d358&amp;apos;, time: &amp;apos;2018-11-14T08:17:03&amp;apos;
System info: host: &amp;apos;DESKTOP-662NI4B&amp;apos;, ip: &amp;apos;192.168.230.36&amp;apos;, os.name: &amp;apos;Windows 10&amp;apos;, os.arch: &amp;apos;amd64&amp;apos;, os.version: &amp;apos;10.0&amp;apos;, java.version: &amp;apos;1.8.0_202&amp;apos;
Driver info: driver.version: ChromeDriver
remote stacktrace: Backtrace:
	(No symbol) [0x0024DCE3]
	(No symbol) [0x001E39D1]
	(No symbol) [0x000F4DA8]
	(No symbol) [0x00114F6C]
	(No symbol) [0x00110D11]
	(No symbol) [0x0010ED19]
	(No symbol) [0x001415AE]
	(No symbol) [0x0014129C]
	(No symbol) [0x0013ACC6]
	(No symbol) [0x00116F68]
	(No symbol) [0x001180CD]
	GetHandleVerifier [0x004C3832+2506274]
	GetHandleVerifier [0x004F9794+2727300]
	GetHandleVerifier [0x004FE36C+2746716]
	GetHandleVerifier [0x002F6690+617600]
	(No symbol) [0x001EC712]
	(No symbol) [0x001F1FF8]
	(No symbol) [0x001F20DB]
	(No symbol) [0x001FC63B]
	BaseThreadInitThunk [0x76D562C4+36]
	RtlSubscribeWnfStateChangeNotification [0x77130F79+1081]
	RtlSubscribeWnfStateChangeNotification [0x77130F44+1028]
	(No symbol) [0x00000000]
">
      <![CDATA[org.openqa.selenium.SessionNotCreatedException: session not created: This version of ChromeDriver only supports Chrome version 111
Current browser version is 113.0.5672.93 with binary path C:\Program Files\Google\Chrome\Application\chrome.exe
Build info: version: '3.141.59', revision: 'e82be7d358', time: '2018-11-14T08:17:03'
System info: host: 'DESKTOP-662NI4B', ip: '192.168.230.36', os.name: 'Windows 10', os.arch: 'amd64', os.version: '10.0', java.version: '1.8.0_202'
Driver info: driver.version: ChromeDriver
remote stacktrace: Backtrace:
	(No symbol) [0x0024DCE3]
	(No symbol) [0x001E39D1]
	(No symbol) [0x000F4DA8]
	(No symbol) [0x00114F6C]
	(No symbol) [0x00110D11]
	(No symbol) [0x0010ED19]
	(No symbol) [0x001415AE]
	(No symbol) [0x0014129C]
	(No symbol) [0x0013ACC6]
	(No symbol) [0x00116F68]
	(No symbol) [0x001180CD]
	GetHandleVerifier [0x004C3832+2506274]
	GetHandleVerifier [0x004F9794+2727300]
	GetHandleVerifier [0x004FE36C+2746716]
	GetHandleVerifier [0x002F6690+617600]
	(No symbol) [0x001EC712]
	(No symbol) [0x001F1FF8]
	(No symbol) [0x001F20DB]
	(No symbol) [0x001FC63B]
	BaseThreadInitThunk [0x76D562C4+36]
	RtlSubscribeWnfStateChangeNotification [0x77130F79+1081]
	RtlSubscribeWnfStateChangeNotification [0x77130F44+1028]
	(No symbol) [0x00000000]

	at org.openqa.selenium.remote.W3CHandshakeResponse.lambda$errorHandler$0(W3CHandshakeResponse.java:62)
	at org.openqa.selenium.remote.HandshakeResponse.lambda$getResponseFunction$0(HandshakeResponse.java:30)
	at org.openqa.selenium.remote.ProtocolHandshake.lambda$createSession$0(ProtocolHandshake.java:126)
	at java.util.stream.ReferencePipeline$3$1.accept(Unknown Source)
	at java.util.Spliterators$ArraySpliterator.tryAdvance(Unknown Source)
	at java.util.stream.ReferencePipeline.forEachWithCancel(Unknown Source)
	at java.util.stream.AbstractPipeline.copyIntoWithCancel(Unknown Source)
	at java.util.stream.AbstractPipeline.copyInto(Unknown Source)
	at java.util.stream.AbstractPipeline.wrapAndCopyInto(Unknown Source)
	at java.util.stream.FindOps$FindOp.evaluateSequential(Unknown Source)
	at java.util.stream.AbstractPipeline.evaluate(Unknown Source)
	at java.util.stream.ReferencePipeline.findFirst(Unknown Source)
	at org.openqa.selenium.remote.ProtocolHandshake.createSession(ProtocolHandshake.java:128)
	at org.openqa.selenium.remote.ProtocolHandshake.createSession(ProtocolHandshake.java:74)
	at org.openqa.selenium.remote.HttpCommandExecutor.execute(HttpCommandExecutor.java:136)
	at org.openqa.selenium.remote.service.DriverCommandExecutor.execute(DriverCommandExecutor.java:83)
	at org.openqa.selenium.remote.RemoteWebDriver.execute(RemoteWebDriver.java:552)
	at org.openqa.selenium.remote.RemoteWebDriver.startSession(RemoteWebDriver.java:213)
	at org.openqa.selenium.remote.RemoteWebDriver.<init>(RemoteWebDriver.java:131)
	at org.openqa.selenium.chrome.ChromeDriver.<init>(ChromeDriver.java:181)
	at org.openqa.selenium.chrome.ChromeDriver.<init>(ChromeDriver.java:168)
	at org.openqa.selenium.chrome.ChromeDriver.<init>(ChromeDriver.java:123)
	at org.one.DataproviderOne.facebooklogin(DataproviderOne.java:22)
... Removed 29 stack frames]]>
    </failure>
  </testcase> <!-- facebooklogin -->
  <testcase name="facebooklogin" time="1.434" classname="org.one.DataproviderOne">
    <failure type="org.openqa.selenium.SessionNotCreatedException" message="session not created: This version of ChromeDriver only supports Chrome version 111
Current browser version is 113.0.5672.93 with binary path C:\Program Files\Google\Chrome\Application\chrome.exe
Build info: version: &amp;apos;3.141.59&amp;apos;, revision: &amp;apos;e82be7d358&amp;apos;, time: &amp;apos;2018-11-14T08:17:03&amp;apos;
System info: host: &amp;apos;DESKTOP-662NI4B&amp;apos;, ip: &amp;apos;192.168.230.36&amp;apos;, os.name: &amp;apos;Windows 10&amp;apos;, os.arch: &amp;apos;amd64&amp;apos;, os.version: &amp;apos;10.0&amp;apos;, java.version: &amp;apos;1.8.0_202&amp;apos;
Driver info: driver.version: ChromeDriver
remote stacktrace: Backtrace:
	(No symbol) [0x0024DCE3]
	(No symbol) [0x001E39D1]
	(No symbol) [0x000F4DA8]
	(No symbol) [0x00114F6C]
	(No symbol) [0x00110D11]
	(No symbol) [0x0010ED19]
	(No symbol) [0x001415AE]
	(No symbol) [0x0014129C]
	(No symbol) [0x0013ACC6]
	(No symbol) [0x00116F68]
	(No symbol) [0x001180CD]
	GetHandleVerifier [0x004C3832+2506274]
	GetHandleVerifier [0x004F9794+2727300]
	GetHandleVerifier [0x004FE36C+2746716]
	GetHandleVerifier [0x002F6690+617600]
	(No symbol) [0x001EC712]
	(No symbol) [0x001F1FF8]
	(No symbol) [0x001F20DB]
	(No symbol) [0x001FC63B]
	BaseThreadInitThunk [0x76D562C4+36]
	RtlSubscribeWnfStateChangeNotification [0x77130F79+1081]
	RtlSubscribeWnfStateChangeNotification [0x77130F44+1028]
	(No symbol) [0x00000000]
">
      <![CDATA[org.openqa.selenium.SessionNotCreatedException: session not created: This version of ChromeDriver only supports Chrome version 111
Current browser version is 113.0.5672.93 with binary path C:\Program Files\Google\Chrome\Application\chrome.exe
Build info: version: '3.141.59', revision: 'e82be7d358', time: '2018-11-14T08:17:03'
System info: host: 'DESKTOP-662NI4B', ip: '192.168.230.36', os.name: 'Windows 10', os.arch: 'amd64', os.version: '10.0', java.version: '1.8.0_202'
Driver info: driver.version: ChromeDriver
remote stacktrace: Backtrace:
	(No symbol) [0x0024DCE3]
	(No symbol) [0x001E39D1]
	(No symbol) [0x000F4DA8]
	(No symbol) [0x00114F6C]
	(No symbol) [0x00110D11]
	(No symbol) [0x0010ED19]
	(No symbol) [0x001415AE]
	(No symbol) [0x0014129C]
	(No symbol) [0x0013ACC6]
	(No symbol) [0x00116F68]
	(No symbol) [0x001180CD]
	GetHandleVerifier [0x004C3832+2506274]
	GetHandleVerifier [0x004F9794+2727300]
	GetHandleVerifier [0x004FE36C+2746716]
	GetHandleVerifier [0x002F6690+617600]
	(No symbol) [0x001EC712]
	(No symbol) [0x001F1FF8]
	(No symbol) [0x001F20DB]
	(No symbol) [0x001FC63B]
	BaseThreadInitThunk [0x76D562C4+36]
	RtlSubscribeWnfStateChangeNotification [0x77130F79+1081]
	RtlSubscribeWnfStateChangeNotification [0x77130F44+1028]
	(No symbol) [0x00000000]

	at org.openqa.selenium.remote.W3CHandshakeResponse.lambda$errorHandler$0(W3CHandshakeResponse.java:62)
	at org.openqa.selenium.remote.HandshakeResponse.lambda$getResponseFunction$0(HandshakeResponse.java:30)
	at org.openqa.selenium.remote.ProtocolHandshake.lambda$createSession$0(ProtocolHandshake.java:126)
	at java.util.stream.ReferencePipeline$3$1.accept(Unknown Source)
	at java.util.Spliterators$ArraySpliterator.tryAdvance(Unknown Source)
	at java.util.stream.ReferencePipeline.forEachWithCancel(Unknown Source)
	at java.util.stream.AbstractPipeline.copyIntoWithCancel(Unknown Source)
	at java.util.stream.AbstractPipeline.copyInto(Unknown Source)
	at java.util.stream.AbstractPipeline.wrapAndCopyInto(Unknown Source)
	at java.util.stream.FindOps$FindOp.evaluateSequential(Unknown Source)
	at java.util.stream.AbstractPipeline.evaluate(Unknown Source)
	at java.util.stream.ReferencePipeline.findFirst(Unknown Source)
	at org.openqa.selenium.remote.ProtocolHandshake.createSession(ProtocolHandshake.java:128)
	at org.openqa.selenium.remote.ProtocolHandshake.createSession(ProtocolHandshake.java:74)
	at org.openqa.selenium.remote.HttpCommandExecutor.execute(HttpCommandExecutor.java:136)
	at org.openqa.selenium.remote.service.DriverCommandExecutor.execute(DriverCommandExecutor.java:83)
	at org.openqa.selenium.remote.RemoteWebDriver.execute(RemoteWebDriver.java:552)
	at org.openqa.selenium.remote.RemoteWebDriver.startSession(RemoteWebDriver.java:213)
	at org.openqa.selenium.remote.RemoteWebDriver.<init>(RemoteWebDriver.java:131)
	at org.openqa.selenium.chrome.ChromeDriver.<init>(ChromeDriver.java:181)
	at org.openqa.selenium.chrome.ChromeDriver.<init>(ChromeDriver.java:168)
	at org.openqa.selenium.chrome.ChromeDriver.<init>(ChromeDriver.java:123)
	at org.one.DataproviderOne.facebooklogin(DataproviderOne.java:22)
... Removed 29 stack frames]]>
    </failure>
  </testcase> <!-- facebooklogin -->
  <testcase name="facebooklogin" time="1.823" classname="org.one.DataproviderOne">
    <failure type="org.openqa.selenium.SessionNotCreatedException" message="session not created: This version of ChromeDriver only supports Chrome version 111
Current browser version is 113.0.5672.93 with binary path C:\Program Files\Google\Chrome\Application\chrome.exe
Build info: version: &amp;apos;3.141.59&amp;apos;, revision: &amp;apos;e82be7d358&amp;apos;, time: &amp;apos;2018-11-14T08:17:03&amp;apos;
System info: host: &amp;apos;DESKTOP-662NI4B&amp;apos;, ip: &amp;apos;192.168.230.36&amp;apos;, os.name: &amp;apos;Windows 10&amp;apos;, os.arch: &amp;apos;amd64&amp;apos;, os.version: &amp;apos;10.0&amp;apos;, java.version: &amp;apos;1.8.0_202&amp;apos;
Driver info: driver.version: ChromeDriver
remote stacktrace: Backtrace:
	(No symbol) [0x0024DCE3]
	(No symbol) [0x001E39D1]
	(No symbol) [0x000F4DA8]
	(No symbol) [0x00114F6C]
	(No symbol) [0x00110D11]
	(No symbol) [0x0010ED19]
	(No symbol) [0x001415AE]
	(No symbol) [0x0014129C]
	(No symbol) [0x0013ACC6]
	(No symbol) [0x00116F68]
	(No symbol) [0x001180CD]
	GetHandleVerifier [0x004C3832+2506274]
	GetHandleVerifier [0x004F9794+2727300]
	GetHandleVerifier [0x004FE36C+2746716]
	GetHandleVerifier [0x002F6690+617600]
	(No symbol) [0x001EC712]
	(No symbol) [0x001F1FF8]
	(No symbol) [0x001F20DB]
	(No symbol) [0x001FC63B]
	BaseThreadInitThunk [0x76D562C4+36]
	RtlSubscribeWnfStateChangeNotification [0x77130F79+1081]
	RtlSubscribeWnfStateChangeNotification [0x77130F44+1028]
	(No symbol) [0x00000000]
">
      <![CDATA[org.openqa.selenium.SessionNotCreatedException: session not created: This version of ChromeDriver only supports Chrome version 111
Current browser version is 113.0.5672.93 with binary path C:\Program Files\Google\Chrome\Application\chrome.exe
Build info: version: '3.141.59', revision: 'e82be7d358', time: '2018-11-14T08:17:03'
System info: host: 'DESKTOP-662NI4B', ip: '192.168.230.36', os.name: 'Windows 10', os.arch: 'amd64', os.version: '10.0', java.version: '1.8.0_202'
Driver info: driver.version: ChromeDriver
remote stacktrace: Backtrace:
	(No symbol) [0x0024DCE3]
	(No symbol) [0x001E39D1]
	(No symbol) [0x000F4DA8]
	(No symbol) [0x00114F6C]
	(No symbol) [0x00110D11]
	(No symbol) [0x0010ED19]
	(No symbol) [0x001415AE]
	(No symbol) [0x0014129C]
	(No symbol) [0x0013ACC6]
	(No symbol) [0x00116F68]
	(No symbol) [0x001180CD]
	GetHandleVerifier [0x004C3832+2506274]
	GetHandleVerifier [0x004F9794+2727300]
	GetHandleVerifier [0x004FE36C+2746716]
	GetHandleVerifier [0x002F6690+617600]
	(No symbol) [0x001EC712]
	(No symbol) [0x001F1FF8]
	(No symbol) [0x001F20DB]
	(No symbol) [0x001FC63B]
	BaseThreadInitThunk [0x76D562C4+36]
	RtlSubscribeWnfStateChangeNotification [0x77130F79+1081]
	RtlSubscribeWnfStateChangeNotification [0x77130F44+1028]
	(No symbol) [0x00000000]

	at org.openqa.selenium.remote.W3CHandshakeResponse.lambda$errorHandler$0(W3CHandshakeResponse.java:62)
	at org.openqa.selenium.remote.HandshakeResponse.lambda$getResponseFunction$0(HandshakeResponse.java:30)
	at org.openqa.selenium.remote.ProtocolHandshake.lambda$createSession$0(ProtocolHandshake.java:126)
	at java.util.stream.ReferencePipeline$3$1.accept(Unknown Source)
	at java.util.Spliterators$ArraySpliterator.tryAdvance(Unknown Source)
	at java.util.stream.ReferencePipeline.forEachWithCancel(Unknown Source)
	at java.util.stream.AbstractPipeline.copyIntoWithCancel(Unknown Source)
	at java.util.stream.AbstractPipeline.copyInto(Unknown Source)
	at java.util.stream.AbstractPipeline.wrapAndCopyInto(Unknown Source)
	at java.util.stream.FindOps$FindOp.evaluateSequential(Unknown Source)
	at java.util.stream.AbstractPipeline.evaluate(Unknown Source)
	at java.util.stream.ReferencePipeline.findFirst(Unknown Source)
	at org.openqa.selenium.remote.ProtocolHandshake.createSession(ProtocolHandshake.java:128)
	at org.openqa.selenium.remote.ProtocolHandshake.createSession(ProtocolHandshake.java:74)
	at org.openqa.selenium.remote.HttpCommandExecutor.execute(HttpCommandExecutor.java:136)
	at org.openqa.selenium.remote.service.DriverCommandExecutor.execute(DriverCommandExecutor.java:83)
	at org.openqa.selenium.remote.RemoteWebDriver.execute(RemoteWebDriver.java:552)
	at org.openqa.selenium.remote.RemoteWebDriver.startSession(RemoteWebDriver.java:213)
	at org.openqa.selenium.remote.RemoteWebDriver.<init>(RemoteWebDriver.java:131)
	at org.openqa.selenium.chrome.ChromeDriver.<init>(ChromeDriver.java:181)
	at org.openqa.selenium.chrome.ChromeDriver.<init>(ChromeDriver.java:168)
	at org.openqa.selenium.chrome.ChromeDriver.<init>(ChromeDriver.java:123)
	at org.one.DataproviderOne.facebooklogin(DataproviderOne.java:22)
... Removed 29 stack frames]]>
    </failure>
  </testcase> <!-- facebooklogin -->
</testsuite> <!-- Test -->
