<?xml version="1.0" encoding="UTF-8"?>
<testng-results skipped="0" failed="3" ignored="0" total="3" passed="0">
  <reporter-output>
  </reporter-output>
  <suite name="Default suite" duration-ms="6036" started-at="2023-05-12T15:31:23Z" finished-at="2023-05-12T15:31:29Z">
    <groups>
    </groups>
    <test name="Default test" duration-ms="6036" started-at="2023-05-12T15:31:23Z" finished-at="2023-05-12T15:31:29Z">
      <class name="org.one.DataproviderOne">
        <test-method status="FAIL" signature="facebook(java.lang.String, java.lang.String)[pri:0, instance:org.one.DataproviderOne@548a9f61]" name="facebook" duration-ms="2973" started-at="2023-05-12T21:01:23Z" data-provider="login" finished-at="2023-05-12T21:01:26Z">
          <params>
            <param index="0">
              <value>
                <![CDATA[prabhu]]>
              </value>
            </param>
            <param index="1">
              <value>
                <![CDATA[prem1817]]>
              </value>
            </param>
          </params>
          <exception class="org.openqa.selenium.SessionNotCreatedException">
            <message>
              <![CDATA[session not created: This version of ChromeDriver only supports Chrome version 111
Current browser version is 113.0.5672.93 with binary path C:\Program Files\Google\Chrome\Application\chrome.exe
Build info: version: '3.141.59', revision: 'e82be7d358', time: '2018-11-14T08:17:03'
System info: host: 'DESKTOP-662NI4B', ip: '192.168.230.36', os.name: 'Windows 10', os.arch: 'amd64', os.version: '10.0', java.version: '1.8.0_202'
Driver info: driver.version: ChromeDriver
remote stacktrace: Backtrace:
	(No symbol) [0x0024DCE3]
	(No symbol) [0x001E39D1]
	(No symbol) [0x000F4DA8]
	(No symbol) [0x00114F6C]
	(No symbol) [0x00110D11]
	(No symbol) [0x0010ED19]
	(No symbol) [0x001415AE]
	(No symbol) [0x0014129C]
	(No symbol) [0x0013ACC6]
	(No symbol) [0x00116F68]
	(No symbol) [0x001180CD]
	GetHandleVerifier [0x004C3832+2506274]
	GetHandleVerifier [0x004F9794+2727300]
	GetHandleVerifier [0x004FE36C+2746716]
	GetHandleVerifier [0x002F6690+617600]
	(No symbol) [0x001EC712]
	(No symbol) [0x001F1FF8]
	(No symbol) [0x001F20DB]
	(No symbol) [0x001FC63B]
	BaseThreadInitThunk [0x76D562C4+36]
	RtlSubscribeWnfStateChangeNotification [0x77130F79+1081]
	RtlSubscribeWnfStateChangeNotification [0x77130F44+1028]
	(No symbol) [0x00000000]
]]>
            </message>
            <full-stacktrace>
              <![CDATA[org.openqa.selenium.SessionNotCreatedException: session not created: This version of ChromeDriver only supports Chrome version 111
Current browser version is 113.0.5672.93 with binary path C:\Program Files\Google\Chrome\Application\chrome.exe
Build info: version: '3.141.59', revision: 'e82be7d358', time: '2018-11-14T08:17:03'
System info: host: 'DESKTOP-662NI4B', ip: '192.168.230.36', os.name: 'Windows 10', os.arch: 'amd64', os.version: '10.0', java.version: '1.8.0_202'
Driver info: driver.version: ChromeDriver
remote stacktrace: Backtrace:
	(No symbol) [0x0024DCE3]
	(No symbol) [0x001E39D1]
	(No symbol) [0x000F4DA8]
	(No symbol) [0x00114F6C]
	(No symbol) [0x00110D11]
	(No symbol) [0x0010ED19]
	(No symbol) [0x001415AE]
	(No symbol) [0x0014129C]
	(No symbol) [0x0013ACC6]
	(No symbol) [0x00116F68]
	(No symbol) [0x001180CD]
	GetHandleVerifier [0x004C3832+2506274]
	GetHandleVerifier [0x004F9794+2727300]
	GetHandleVerifier [0x004FE36C+2746716]
	GetHandleVerifier [0x002F6690+617600]
	(No symbol) [0x001EC712]
	(No symbol) [0x001F1FF8]
	(No symbol) [0x001F20DB]
	(No symbol) [0x001FC63B]
	BaseThreadInitThunk [0x76D562C4+36]
	RtlSubscribeWnfStateChangeNotification [0x77130F79+1081]
	RtlSubscribeWnfStateChangeNotification [0x77130F44+1028]
	(No symbol) [0x00000000]

	at sun.reflect.NativeConstructorAccessorImpl.newInstance0(Native Method)
	at sun.reflect.NativeConstructorAccessorImpl.newInstance(Unknown Source)
	at sun.reflect.DelegatingConstructorAccessorImpl.newInstance(Unknown Source)
	at java.lang.reflect.Constructor.newInstance(Unknown Source)
	at org.openqa.selenium.remote.W3CHandshakeResponse.lambda$errorHandler$0(W3CHandshakeResponse.java:62)
	at org.openqa.selenium.remote.HandshakeResponse.lambda$getResponseFunction$0(HandshakeResponse.java:30)
	at org.openqa.selenium.remote.ProtocolHandshake.lambda$createSession$0(ProtocolHandshake.java:126)
	at java.util.stream.ReferencePipeline$3$1.accept(Unknown Source)
	at java.util.Spliterators$ArraySpliterator.tryAdvance(Unknown Source)
	at java.util.stream.ReferencePipeline.forEachWithCancel(Unknown Source)
	at java.util.stream.AbstractPipeline.copyIntoWithCancel(Unknown Source)
	at java.util.stream.AbstractPipeline.copyInto(Unknown Source)
	at java.util.stream.AbstractPipeline.wrapAndCopyInto(Unknown Source)
	at java.util.stream.FindOps$FindOp.evaluateSequential(Unknown Source)
	at java.util.stream.AbstractPipeline.evaluate(Unknown Source)
	at java.util.stream.ReferencePipeline.findFirst(Unknown Source)
	at org.openqa.selenium.remote.ProtocolHandshake.createSession(ProtocolHandshake.java:128)
	at org.openqa.selenium.remote.ProtocolHandshake.createSession(ProtocolHandshake.java:74)
	at org.openqa.selenium.remote.HttpCommandExecutor.execute(HttpCommandExecutor.java:136)
	at org.openqa.selenium.remote.service.DriverCommandExecutor.execute(DriverCommandExecutor.java:83)
	at org.openqa.selenium.remote.RemoteWebDriver.execute(RemoteWebDriver.java:552)
	at org.openqa.selenium.remote.RemoteWebDriver.startSession(RemoteWebDriver.java:213)
	at org.openqa.selenium.remote.RemoteWebDriver.<init>(RemoteWebDriver.java:131)
	at org.openqa.selenium.chrome.ChromeDriver.<init>(ChromeDriver.java:181)
	at org.openqa.selenium.chrome.ChromeDriver.<init>(ChromeDriver.java:168)
	at org.openqa.selenium.chrome.ChromeDriver.<init>(ChromeDriver.java:123)
	at org.one.DataproviderOne.facebook(DataproviderOne.java:51)
	at sun.reflect.NativeMethodAccessorImpl.invoke0(Native Method)
	at sun.reflect.NativeMethodAccessorImpl.invoke(Unknown Source)
	at sun.reflect.DelegatingMethodAccessorImpl.invoke(Unknown Source)
	at java.lang.reflect.Method.invoke(Unknown Source)
	at org.testng.internal.MethodInvocationHelper.invokeMethod(MethodInvocationHelper.java:104)
	at org.testng.internal.Invoker.invokeMethod(Invoker.java:645)
	at org.testng.internal.Invoker.invokeTestMethod(Invoker.java:851)
	at org.testng.internal.Invoker.invokeTestMethods(Invoker.java:1177)
	at org.testng.internal.TestMethodWorker.invokeTestMethods(TestMethodWorker.java:129)
	at org.testng.internal.TestMethodWorker.run(TestMethodWorker.java:112)
	at org.testng.TestRunner.privateRun(TestRunner.java:756)
	at org.testng.TestRunner.run(TestRunner.java:610)
	at org.testng.SuiteRunner.runTest(SuiteRunner.java:387)
	at org.testng.SuiteRunner.runSequentially(SuiteRunner.java:382)
	at org.testng.SuiteRunner.privateRun(SuiteRunner.java:340)
	at org.testng.SuiteRunner.run(SuiteRunner.java:289)
	at org.testng.SuiteRunnerWorker.runSuite(SuiteRunnerWorker.java:52)
	at org.testng.SuiteRunnerWorker.run(SuiteRunnerWorker.java:86)
	at org.testng.TestNG.runSuitesSequentially(TestNG.java:1293)
	at org.testng.TestNG.runSuitesLocally(TestNG.java:1218)
	at org.testng.TestNG.runSuites(TestNG.java:1133)
	at org.testng.TestNG.run(TestNG.java:1104)
	at org.testng.remote.AbstractRemoteTestNG.run(AbstractRemoteTestNG.java:132)
	at org.testng.remote.RemoteTestNG.initAndRun(RemoteTestNG.java:236)
	at org.testng.remote.RemoteTestNG.main(RemoteTestNG.java:81)
]]>
            </full-stacktrace>
          </exception> <!-- org.openqa.selenium.SessionNotCreatedException -->
          <reporter-output>
          </reporter-output>
        </test-method> <!-- facebook -->
        <test-method status="FAIL" signature="facebook(java.lang.String, java.lang.String)[pri:0, instance:org.one.DataproviderOne@548a9f61]" name="facebook" duration-ms="1534" started-at="2023-05-12T21:01:26Z" data-provider="login" finished-at="2023-05-12T21:01:28Z">
          <params>
            <param index="0">
              <value>
                <![CDATA[prem]]>
              </value>
            </param>
            <param index="1">
              <value>
                <![CDATA[pervesh]]>
              </value>
            </param>
          </params>
          <exception class="org.openqa.selenium.SessionNotCreatedException">
            <message>
              <![CDATA[session not created: This version of ChromeDriver only supports Chrome version 111
Current browser version is 113.0.5672.93 with binary path C:\Program Files\Google\Chrome\Application\chrome.exe
Build info: version: '3.141.59', revision: 'e82be7d358', time: '2018-11-14T08:17:03'
System info: host: 'DESKTOP-662NI4B', ip: '192.168.230.36', os.name: 'Windows 10', os.arch: 'amd64', os.version: '10.0', java.version: '1.8.0_202'
Driver info: driver.version: ChromeDriver
remote stacktrace: Backtrace:
	(No symbol) [0x0024DCE3]
	(No symbol) [0x001E39D1]
	(No symbol) [0x000F4DA8]
	(No symbol) [0x00114F6C]
	(No symbol) [0x00110D11]
	(No symbol) [0x0010ED19]
	(No symbol) [0x001415AE]
	(No symbol) [0x0014129C]
	(No symbol) [0x0013ACC6]
	(No symbol) [0x00116F68]
	(No symbol) [0x001180CD]
	GetHandleVerifier [0x004C3832+2506274]
	GetHandleVerifier [0x004F9794+2727300]
	GetHandleVerifier [0x004FE36C+2746716]
	GetHandleVerifier [0x002F6690+617600]
	(No symbol) [0x001EC712]
	(No symbol) [0x001F1FF8]
	(No symbol) [0x001F20DB]
	(No symbol) [0x001FC63B]
	BaseThreadInitThunk [0x76D562C4+36]
	RtlSubscribeWnfStateChangeNotification [0x77130F79+1081]
	RtlSubscribeWnfStateChangeNotification [0x77130F44+1028]
	(No symbol) [0x00000000]
]]>
            </message>
            <full-stacktrace>
              <![CDATA[org.openqa.selenium.SessionNotCreatedException: session not created: This version of ChromeDriver only supports Chrome version 111
Current browser version is 113.0.5672.93 with binary path C:\Program Files\Google\Chrome\Application\chrome.exe
Build info: version: '3.141.59', revision: 'e82be7d358', time: '2018-11-14T08:17:03'
System info: host: 'DESKTOP-662NI4B', ip: '192.168.230.36', os.name: 'Windows 10', os.arch: 'amd64', os.version: '10.0', java.version: '1.8.0_202'
Driver info: driver.version: ChromeDriver
remote stacktrace: Backtrace:
	(No symbol) [0x0024DCE3]
	(No symbol) [0x001E39D1]
	(No symbol) [0x000F4DA8]
	(No symbol) [0x00114F6C]
	(No symbol) [0x00110D11]
	(No symbol) [0x0010ED19]
	(No symbol) [0x001415AE]
	(No symbol) [0x0014129C]
	(No symbol) [0x0013ACC6]
	(No symbol) [0x00116F68]
	(No symbol) [0x001180CD]
	GetHandleVerifier [0x004C3832+2506274]
	GetHandleVerifier [0x004F9794+2727300]
	GetHandleVerifier [0x004FE36C+2746716]
	GetHandleVerifier [0x002F6690+617600]
	(No symbol) [0x001EC712]
	(No symbol) [0x001F1FF8]
	(No symbol) [0x001F20DB]
	(No symbol) [0x001FC63B]
	BaseThreadInitThunk [0x76D562C4+36]
	RtlSubscribeWnfStateChangeNotification [0x77130F79+1081]
	RtlSubscribeWnfStateChangeNotification [0x77130F44+1028]
	(No symbol) [0x00000000]

	at sun.reflect.NativeConstructorAccessorImpl.newInstance0(Native Method)
	at sun.reflect.NativeConstructorAccessorImpl.newInstance(Unknown Source)
	at sun.reflect.DelegatingConstructorAccessorImpl.newInstance(Unknown Source)
	at java.lang.reflect.Constructor.newInstance(Unknown Source)
	at org.openqa.selenium.remote.W3CHandshakeResponse.lambda$errorHandler$0(W3CHandshakeResponse.java:62)
	at org.openqa.selenium.remote.HandshakeResponse.lambda$getResponseFunction$0(HandshakeResponse.java:30)
	at org.openqa.selenium.remote.ProtocolHandshake.lambda$createSession$0(ProtocolHandshake.java:126)
	at java.util.stream.ReferencePipeline$3$1.accept(Unknown Source)
	at java.util.Spliterators$ArraySpliterator.tryAdvance(Unknown Source)
	at java.util.stream.ReferencePipeline.forEachWithCancel(Unknown Source)
	at java.util.stream.AbstractPipeline.copyIntoWithCancel(Unknown Source)
	at java.util.stream.AbstractPipeline.copyInto(Unknown Source)
	at java.util.stream.AbstractPipeline.wrapAndCopyInto(Unknown Source)
	at java.util.stream.FindOps$FindOp.evaluateSequential(Unknown Source)
	at java.util.stream.AbstractPipeline.evaluate(Unknown Source)
	at java.util.stream.ReferencePipeline.findFirst(Unknown Source)
	at org.openqa.selenium.remote.ProtocolHandshake.createSession(ProtocolHandshake.java:128)
	at org.openqa.selenium.remote.ProtocolHandshake.createSession(ProtocolHandshake.java:74)
	at org.openqa.selenium.remote.HttpCommandExecutor.execute(HttpCommandExecutor.java:136)
	at org.openqa.selenium.remote.service.DriverCommandExecutor.execute(DriverCommandExecutor.java:83)
	at org.openqa.selenium.remote.RemoteWebDriver.execute(RemoteWebDriver.java:552)
	at org.openqa.selenium.remote.RemoteWebDriver.startSession(RemoteWebDriver.java:213)
	at org.openqa.selenium.remote.RemoteWebDriver.<init>(RemoteWebDriver.java:131)
	at org.openqa.selenium.chrome.ChromeDriver.<init>(ChromeDriver.java:181)
	at org.openqa.selenium.chrome.ChromeDriver.<init>(ChromeDriver.java:168)
	at org.openqa.selenium.chrome.ChromeDriver.<init>(ChromeDriver.java:123)
	at org.one.DataproviderOne.facebook(DataproviderOne.java:51)
	at sun.reflect.NativeMethodAccessorImpl.invoke0(Native Method)
	at sun.reflect.NativeMethodAccessorImpl.invoke(Unknown Source)
	at sun.reflect.DelegatingMethodAccessorImpl.invoke(Unknown Source)
	at java.lang.reflect.Method.invoke(Unknown Source)
	at org.testng.internal.MethodInvocationHelper.invokeMethod(MethodInvocationHelper.java:104)
	at org.testng.internal.Invoker.invokeMethod(Invoker.java:645)
	at org.testng.internal.Invoker.invokeTestMethod(Invoker.java:851)
	at org.testng.internal.Invoker.invokeTestMethods(Invoker.java:1177)
	at org.testng.internal.TestMethodWorker.invokeTestMethods(TestMethodWorker.java:129)
	at org.testng.internal.TestMethodWorker.run(TestMethodWorker.java:112)
	at org.testng.TestRunner.privateRun(TestRunner.java:756)
	at org.testng.TestRunner.run(TestRunner.java:610)
	at org.testng.SuiteRunner.runTest(SuiteRunner.java:387)
	at org.testng.SuiteRunner.runSequentially(SuiteRunner.java:382)
	at org.testng.SuiteRunner.privateRun(SuiteRunner.java:340)
	at org.testng.SuiteRunner.run(SuiteRunner.java:289)
	at org.testng.SuiteRunnerWorker.runSuite(SuiteRunnerWorker.java:52)
	at org.testng.SuiteRunnerWorker.run(SuiteRunnerWorker.java:86)
	at org.testng.TestNG.runSuitesSequentially(TestNG.java:1293)
	at org.testng.TestNG.runSuitesLocally(TestNG.java:1218)
	at org.testng.TestNG.runSuites(TestNG.java:1133)
	at org.testng.TestNG.run(TestNG.java:1104)
	at org.testng.remote.AbstractRemoteTestNG.run(AbstractRemoteTestNG.java:132)
	at org.testng.remote.RemoteTestNG.initAndRun(RemoteTestNG.java:236)
	at org.testng.remote.RemoteTestNG.main(RemoteTestNG.java:81)
]]>
            </full-stacktrace>
          </exception> <!-- org.openqa.selenium.SessionNotCreatedException -->
          <reporter-output>
          </reporter-output>
        </test-method> <!-- facebook -->
        <test-method status="FAIL" signature="facebook(java.lang.String, java.lang.String)[pri:0, instance:org.one.DataproviderOne@548a9f61]" name="facebook" duration-ms="1465" started-at="2023-05-12T21:01:28Z" data-provider="login" finished-at="2023-05-12T21:01:29Z">
          <params>
            <param index="0">
              <value>
                <![CDATA[rajaraman]]>
              </value>
            </param>
            <param index="1">
              <value>
                <![CDATA[kasthuri]]>
              </value>
            </param>
          </params>
          <exception class="org.openqa.selenium.SessionNotCreatedException">
            <message>
              <![CDATA[session not created: This version of ChromeDriver only supports Chrome version 111
Current browser version is 113.0.5672.93 with binary path C:\Program Files\Google\Chrome\Application\chrome.exe
Build info: version: '3.141.59', revision: 'e82be7d358', time: '2018-11-14T08:17:03'
System info: host: 'DESKTOP-662NI4B', ip: '192.168.230.36', os.name: 'Windows 10', os.arch: 'amd64', os.version: '10.0', java.version: '1.8.0_202'
Driver info: driver.version: ChromeDriver
remote stacktrace: Backtrace:
	(No symbol) [0x0024DCE3]
	(No symbol) [0x001E39D1]
	(No symbol) [0x000F4DA8]
	(No symbol) [0x00114F6C]
	(No symbol) [0x00110D11]
	(No symbol) [0x0010ED19]
	(No symbol) [0x001415AE]
	(No symbol) [0x0014129C]
	(No symbol) [0x0013ACC6]
	(No symbol) [0x00116F68]
	(No symbol) [0x001180CD]
	GetHandleVerifier [0x004C3832+2506274]
	GetHandleVerifier [0x004F9794+2727300]
	GetHandleVerifier [0x004FE36C+2746716]
	GetHandleVerifier [0x002F6690+617600]
	(No symbol) [0x001EC712]
	(No symbol) [0x001F1FF8]
	(No symbol) [0x001F20DB]
	(No symbol) [0x001FC63B]
	BaseThreadInitThunk [0x76D562C4+36]
	RtlSubscribeWnfStateChangeNotification [0x77130F79+1081]
	RtlSubscribeWnfStateChangeNotification [0x77130F44+1028]
	(No symbol) [0x00000000]
]]>
            </message>
            <full-stacktrace>
              <![CDATA[org.openqa.selenium.SessionNotCreatedException: session not created: This version of ChromeDriver only supports Chrome version 111
Current browser version is 113.0.5672.93 with binary path C:\Program Files\Google\Chrome\Application\chrome.exe
Build info: version: '3.141.59', revision: 'e82be7d358', time: '2018-11-14T08:17:03'
System info: host: 'DESKTOP-662NI4B', ip: '192.168.230.36', os.name: 'Windows 10', os.arch: 'amd64', os.version: '10.0', java.version: '1.8.0_202'
Driver info: driver.version: ChromeDriver
remote stacktrace: Backtrace:
	(No symbol) [0x0024DCE3]
	(No symbol) [0x001E39D1]
	(No symbol) [0x000F4DA8]
	(No symbol) [0x00114F6C]
	(No symbol) [0x00110D11]
	(No symbol) [0x0010ED19]
	(No symbol) [0x001415AE]
	(No symbol) [0x0014129C]
	(No symbol) [0x0013ACC6]
	(No symbol) [0x00116F68]
	(No symbol) [0x001180CD]
	GetHandleVerifier [0x004C3832+2506274]
	GetHandleVerifier [0x004F9794+2727300]
	GetHandleVerifier [0x004FE36C+2746716]
	GetHandleVerifier [0x002F6690+617600]
	(No symbol) [0x001EC712]
	(No symbol) [0x001F1FF8]
	(No symbol) [0x001F20DB]
	(No symbol) [0x001FC63B]
	BaseThreadInitThunk [0x76D562C4+36]
	RtlSubscribeWnfStateChangeNotification [0x77130F79+1081]
	RtlSubscribeWnfStateChangeNotification [0x77130F44+1028]
	(No symbol) [0x00000000]

	at sun.reflect.NativeConstructorAccessorImpl.newInstance0(Native Method)
	at sun.reflect.NativeConstructorAccessorImpl.newInstance(Unknown Source)
	at sun.reflect.DelegatingConstructorAccessorImpl.newInstance(Unknown Source)
	at java.lang.reflect.Constructor.newInstance(Unknown Source)
	at org.openqa.selenium.remote.W3CHandshakeResponse.lambda$errorHandler$0(W3CHandshakeResponse.java:62)
	at org.openqa.selenium.remote.HandshakeResponse.lambda$getResponseFunction$0(HandshakeResponse.java:30)
	at org.openqa.selenium.remote.ProtocolHandshake.lambda$createSession$0(ProtocolHandshake.java:126)
	at java.util.stream.ReferencePipeline$3$1.accept(Unknown Source)
	at java.util.Spliterators$ArraySpliterator.tryAdvance(Unknown Source)
	at java.util.stream.ReferencePipeline.forEachWithCancel(Unknown Source)
	at java.util.stream.AbstractPipeline.copyIntoWithCancel(Unknown Source)
	at java.util.stream.AbstractPipeline.copyInto(Unknown Source)
	at java.util.stream.AbstractPipeline.wrapAndCopyInto(Unknown Source)
	at java.util.stream.FindOps$FindOp.evaluateSequential(Unknown Source)
	at java.util.stream.AbstractPipeline.evaluate(Unknown Source)
	at java.util.stream.ReferencePipeline.findFirst(Unknown Source)
	at org.openqa.selenium.remote.ProtocolHandshake.createSession(ProtocolHandshake.java:128)
	at org.openqa.selenium.remote.ProtocolHandshake.createSession(ProtocolHandshake.java:74)
	at org.openqa.selenium.remote.HttpCommandExecutor.execute(HttpCommandExecutor.java:136)
	at org.openqa.selenium.remote.service.DriverCommandExecutor.execute(DriverCommandExecutor.java:83)
	at org.openqa.selenium.remote.RemoteWebDriver.execute(RemoteWebDriver.java:552)
	at org.openqa.selenium.remote.RemoteWebDriver.startSession(RemoteWebDriver.java:213)
	at org.openqa.selenium.remote.RemoteWebDriver.<init>(RemoteWebDriver.java:131)
	at org.openqa.selenium.chrome.ChromeDriver.<init>(ChromeDriver.java:181)
	at org.openqa.selenium.chrome.ChromeDriver.<init>(ChromeDriver.java:168)
	at org.openqa.selenium.chrome.ChromeDriver.<init>(ChromeDriver.java:123)
	at org.one.DataproviderOne.facebook(DataproviderOne.java:51)
	at sun.reflect.NativeMethodAccessorImpl.invoke0(Native Method)
	at sun.reflect.NativeMethodAccessorImpl.invoke(Unknown Source)
	at sun.reflect.DelegatingMethodAccessorImpl.invoke(Unknown Source)
	at java.lang.reflect.Method.invoke(Unknown Source)
	at org.testng.internal.MethodInvocationHelper.invokeMethod(MethodInvocationHelper.java:104)
	at org.testng.internal.Invoker.invokeMethod(Invoker.java:645)
	at org.testng.internal.Invoker.invokeTestMethod(Invoker.java:851)
	at org.testng.internal.Invoker.invokeTestMethods(Invoker.java:1177)
	at org.testng.internal.TestMethodWorker.invokeTestMethods(TestMethodWorker.java:129)
	at org.testng.internal.TestMethodWorker.run(TestMethodWorker.java:112)
	at org.testng.TestRunner.privateRun(TestRunner.java:756)
	at org.testng.TestRunner.run(TestRunner.java:610)
	at org.testng.SuiteRunner.runTest(SuiteRunner.java:387)
	at org.testng.SuiteRunner.runSequentially(SuiteRunner.java:382)
	at org.testng.SuiteRunner.privateRun(SuiteRunner.java:340)
	at org.testng.SuiteRunner.run(SuiteRunner.java:289)
	at org.testng.SuiteRunnerWorker.runSuite(SuiteRunnerWorker.java:52)
	at org.testng.SuiteRunnerWorker.run(SuiteRunnerWorker.java:86)
	at org.testng.TestNG.runSuitesSequentially(TestNG.java:1293)
	at org.testng.TestNG.runSuitesLocally(TestNG.java:1218)
	at org.testng.TestNG.runSuites(TestNG.java:1133)
	at org.testng.TestNG.run(TestNG.java:1104)
	at org.testng.remote.AbstractRemoteTestNG.run(AbstractRemoteTestNG.java:132)
	at org.testng.remote.RemoteTestNG.initAndRun(RemoteTestNG.java:236)
	at org.testng.remote.RemoteTestNG.main(RemoteTestNG.java:81)
]]>
            </full-stacktrace>
          </exception> <!-- org.openqa.selenium.SessionNotCreatedException -->
          <reporter-output>
          </reporter-output>
        </test-method> <!-- facebook -->
      </class> <!-- org.one.DataproviderOne -->
    </test> <!-- Default test -->
  </suite> <!-- Default suite -->
</testng-results>
